c:\users\desktop\desktop\llgp\raytracerframework\low-level-games-programming\raytracersmall\x64\debug\vc142.pdb
c:\users\desktop\desktop\llgp\raytracerframework\low-level-games-programming\raytracersmall\x64\debug\vc142.idb
c:\users\desktop\desktop\llgp\raytracerframework\low-level-games-programming\raytracersmall\x64\debug\ui.obj
c:\users\desktop\desktop\llgp\raytracerframework\low-level-games-programming\raytracersmall\x64\debug\timing.obj
c:\users\desktop\desktop\llgp\raytracerframework\low-level-games-programming\raytracersmall\x64\debug\sphere.obj
c:\users\desktop\desktop\llgp\raytracerframework\low-level-games-programming\raytracersmall\x64\debug\scenemanager.obj
c:\users\desktop\desktop\llgp\raytracerframework\low-level-games-programming\raytracersmall\x64\debug\renderingengine.obj
c:\users\desktop\desktop\llgp\raytracerframework\low-level-games-programming\raytracersmall\x64\debug\memorypool.obj
c:\users\desktop\desktop\llgp\raytracerframework\low-level-games-programming\raytracersmall\x64\debug\memorymanager.obj
c:\users\desktop\desktop\llgp\raytracerframework\low-level-games-programming\raytracersmall\x64\debug\main.obj
c:\users\desktop\desktop\llgp\raytracerframework\low-level-games-programming\raytracersmall\x64\debug\globaloverides.obj
c:\users\desktop\desktop\llgp\raytracerframework\low-level-games-programming\raytracersmall\x64\debug\debugger.obj
c:\users\desktop\desktop\llgp\raytracerframework\low-level-games-programming\raytracersmall\x64\debug\chunk.obj
c:\users\desktop\desktop\llgp\raytracerframework\low-level-games-programming\x64\debug\raytracersmall.ilk
c:\users\desktop\desktop\llgp\raytracerframework\low-level-games-programming\x64\debug\raytracersmall.exe
c:\users\desktop\desktop\llgp\raytracerframework\low-level-games-programming\x64\debug\raytracersmall.pdb
c:\users\desktop\desktop\llgp\raytracerframework\low-level-games-programming\raytracersmall\x64\debug\raytracersmall.tlog\cl.command.1.tlog
c:\users\desktop\desktop\llgp\raytracerframework\low-level-games-programming\raytracersmall\x64\debug\raytracersmall.tlog\cl.read.1.tlog
c:\users\desktop\desktop\llgp\raytracerframework\low-level-games-programming\raytracersmall\x64\debug\raytracersmall.tlog\cl.write.1.tlog
c:\users\desktop\desktop\llgp\raytracerframework\low-level-games-programming\raytracersmall\x64\debug\raytracersmall.tlog\link.command.1.tlog
c:\users\desktop\desktop\llgp\raytracerframework\low-level-games-programming\raytracersmall\x64\debug\raytracersmall.tlog\link.read.1.tlog
c:\users\desktop\desktop\llgp\raytracerframework\low-level-games-programming\raytracersmall\x64\debug\raytracersmall.tlog\link.write.1.tlog
